2020-07-10 14:42:06,253 [Worker-2: Loading available Gradle versions] INFO  o.e.b.c.i.u.g.PublishedGradleVersions - Gradle version information cache is out-of-date. Trying to update.
2020-07-10 14:42:07,695 [Worker-2: Loading available Gradle versions] ERROR o.e.b.c.i.u.g.PublishedGradleVersions - Cannot write Gradle version information cache file.
java.io.FileNotFoundException: C:\Users\HP1\.tooling\gradle\versions.json (Access is denied)
	at java.io.FileOutputStream.open0(Native Method) ~[na:1.8.0_241]
	at java.io.FileOutputStream.open(FileOutputStream.java:270) ~[na:1.8.0_241]
	at java.io.FileOutputStream.<init>(FileOutputStream.java:213) ~[na:1.8.0_241]
	at com.google.common.io.Files$FileByteSink.openStream(Files.java:193) ~[com.google.guava_27.1.0.v20190517-1946.jar:na]
	at com.google.common.io.Files$FileByteSink.openStream(Files.java:181) ~[com.google.guava_27.1.0.v20190517-1946.jar:na]
	at com.google.common.io.ByteSink$AsCharSink.openStream(ByteSink.java:149) ~[com.google.guava_27.1.0.v20190517-1946.jar:na]
	at com.google.common.io.CharSource$StringCharSource.copyTo(CharSource.java:648) ~[com.google.guava_27.1.0.v20190517-1946.jar:na]
	at org.eclipse.buildship.core.internal.util.gradle.PublishedGradleVersions.storeCacheVersionsFile(PublishedGradleVersions.java:184) [org.eclipse.buildship.core_3.1.3.v20191118-1057.jar:na]
	at org.eclipse.buildship.core.internal.util.gradle.PublishedGradleVersions.tryToDownloadAndCacheVersions(PublishedGradleVersions.java:150) [org.eclipse.buildship.core_3.1.3.v20191118-1057.jar:na]
	at org.eclipse.buildship.core.internal.util.gradle.PublishedGradleVersions.tryToUpdateOutdatedVersionsFile(PublishedGradleVersions.java:133) [org.eclipse.buildship.core_3.1.3.v20191118-1057.jar:na]
	at org.eclipse.buildship.core.internal.util.gradle.PublishedGradleVersions.create(PublishedGradleVersions.java:117) [org.eclipse.buildship.core_3.1.3.v20191118-1057.jar:na]
	at org.eclipse.buildship.core.internal.util.gradle.PublishedGradleVersionsWrapper$LoadVersionsJob.run(PublishedGradleVersionsWrapper.java:60) [org.eclipse.buildship.core_3.1.3.v20191118-1057.jar:na]
	at org.eclipse.core.internal.jobs.Worker.run(Worker.java:63) [org.eclipse.core.jobs_3.10.600.v20191122-2104.jar:na]
2020-07-10 14:47:03,445 [Worker-1: Loading available Gradle versions] INFO  o.e.b.c.i.u.g.PublishedGradleVersions - Gradle version information cache is out-of-date. Trying to update.
2020-07-10 14:47:05,223 [Worker-1: Loading available Gradle versions] ERROR o.e.b.c.i.u.g.PublishedGradleVersions - Cannot write Gradle version information cache file.
java.io.FileNotFoundException: C:\Users\HP1\.tooling\gradle\versions.json (Access is denied)
	at java.io.FileOutputStream.open0(Native Method) ~[na:1.8.0_241]
	at java.io.FileOutputStream.open(FileOutputStream.java:270) ~[na:1.8.0_241]
	at java.io.FileOutputStream.<init>(FileOutputStream.java:213) ~[na:1.8.0_241]
	at com.google.common.io.Files$FileByteSink.openStream(Files.java:193) ~[com.google.guava_27.1.0.v20190517-1946.jar:na]
	at com.google.common.io.Files$FileByteSink.openStream(Files.java:181) ~[com.google.guava_27.1.0.v20190517-1946.jar:na]
	at com.google.common.io.ByteSink$AsCharSink.openStream(ByteSink.java:149) ~[com.google.guava_27.1.0.v20190517-1946.jar:na]
	at com.google.common.io.CharSource$StringCharSource.copyTo(CharSource.java:648) ~[com.google.guava_27.1.0.v20190517-1946.jar:na]
	at org.eclipse.buildship.core.internal.util.gradle.PublishedGradleVersions.storeCacheVersionsFile(PublishedGradleVersions.java:184) [org.eclipse.buildship.core_3.1.3.v20191118-1057.jar:na]
	at org.eclipse.buildship.core.internal.util.gradle.PublishedGradleVersions.tryToDownloadAndCacheVersions(PublishedGradleVersions.java:150) [org.eclipse.buildship.core_3.1.3.v20191118-1057.jar:na]
	at org.eclipse.buildship.core.internal.util.gradle.PublishedGradleVersions.tryToUpdateOutdatedVersionsFile(PublishedGradleVersions.java:133) [org.eclipse.buildship.core_3.1.3.v20191118-1057.jar:na]
	at org.eclipse.buildship.core.internal.util.gradle.PublishedGradleVersions.create(PublishedGradleVersions.java:117) [org.eclipse.buildship.core_3.1.3.v20191118-1057.jar:na]
	at org.eclipse.buildship.core.internal.util.gradle.PublishedGradleVersionsWrapper$LoadVersionsJob.run(PublishedGradleVersionsWrapper.java:60) [org.eclipse.buildship.core_3.1.3.v20191118-1057.jar:na]
	at org.eclipse.core.internal.jobs.Worker.run(Worker.java:63) [org.eclipse.core.jobs_3.10.600.v20191122-2104.jar:na]
2020-07-10 14:49:19,961 [Worker-4: Loading available Gradle versions] INFO  o.e.b.c.i.u.g.PublishedGradleVersions - Gradle version information cache is out-of-date. Trying to update.
2020-07-10 14:49:22,101 [Worker-4: Loading available Gradle versions] ERROR o.e.b.c.i.u.g.PublishedGradleVersions - Cannot write Gradle version information cache file.
java.io.FileNotFoundException: C:\Users\HP1\.tooling\gradle\versions.json (Access is denied)
	at java.io.FileOutputStream.open0(Native Method) ~[na:1.8.0_241]
	at java.io.FileOutputStream.open(FileOutputStream.java:270) ~[na:1.8.0_241]
	at java.io.FileOutputStream.<init>(FileOutputStream.java:213) ~[na:1.8.0_241]
	at com.google.common.io.Files$FileByteSink.openStream(Files.java:193) ~[com.google.guava_27.1.0.v20190517-1946.jar:na]
	at com.google.common.io.Files$FileByteSink.openStream(Files.java:181) ~[com.google.guava_27.1.0.v20190517-1946.jar:na]
	at com.google.common.io.ByteSink$AsCharSink.openStream(ByteSink.java:149) ~[com.google.guava_27.1.0.v20190517-1946.jar:na]
	at com.google.common.io.CharSource$StringCharSource.copyTo(CharSource.java:648) ~[com.google.guava_27.1.0.v20190517-1946.jar:na]
	at org.eclipse.buildship.core.internal.util.gradle.PublishedGradleVersions.storeCacheVersionsFile(PublishedGradleVersions.java:184) [org.eclipse.buildship.core_3.1.3.v20191118-1057.jar:na]
	at org.eclipse.buildship.core.internal.util.gradle.PublishedGradleVersions.tryToDownloadAndCacheVersions(PublishedGradleVersions.java:150) [org.eclipse.buildship.core_3.1.3.v20191118-1057.jar:na]
	at org.eclipse.buildship.core.internal.util.gradle.PublishedGradleVersions.tryToUpdateOutdatedVersionsFile(PublishedGradleVersions.java:133) [org.eclipse.buildship.core_3.1.3.v20191118-1057.jar:na]
	at org.eclipse.buildship.core.internal.util.gradle.PublishedGradleVersions.create(PublishedGradleVersions.java:117) [org.eclipse.buildship.core_3.1.3.v20191118-1057.jar:na]
	at org.eclipse.buildship.core.internal.util.gradle.PublishedGradleVersionsWrapper$LoadVersionsJob.run(PublishedGradleVersionsWrapper.java:60) [org.eclipse.buildship.core_3.1.3.v20191118-1057.jar:na]
	at org.eclipse.core.internal.jobs.Worker.run(Worker.java:63) [org.eclipse.core.jobs_3.10.600.v20191122-2104.jar:na]
2020-07-10 14:53:33,965 [Worker-5: Loading available Gradle versions] INFO  o.e.b.c.i.u.g.PublishedGradleVersions - Gradle version information cache is out-of-date. Trying to update.
2020-07-10 14:53:35,394 [Worker-5: Loading available Gradle versions] ERROR o.e.b.c.i.u.g.PublishedGradleVersions - Cannot write Gradle version information cache file.
java.io.FileNotFoundException: C:\Users\HP1\.tooling\gradle\versions.json (Access is denied)
	at java.io.FileOutputStream.open0(Native Method) ~[na:1.8.0_241]
	at java.io.FileOutputStream.open(FileOutputStream.java:270) ~[na:1.8.0_241]
	at java.io.FileOutputStream.<init>(FileOutputStream.java:213) ~[na:1.8.0_241]
	at com.google.common.io.Files$FileByteSink.openStream(Files.java:193) ~[com.google.guava_27.1.0.v20190517-1946.jar:na]
	at com.google.common.io.Files$FileByteSink.openStream(Files.java:181) ~[com.google.guava_27.1.0.v20190517-1946.jar:na]
	at com.google.common.io.ByteSink$AsCharSink.openStream(ByteSink.java:149) ~[com.google.guava_27.1.0.v20190517-1946.jar:na]
	at com.google.common.io.CharSource$StringCharSource.copyTo(CharSource.java:648) ~[com.google.guava_27.1.0.v20190517-1946.jar:na]
	at org.eclipse.buildship.core.internal.util.gradle.PublishedGradleVersions.storeCacheVersionsFile(PublishedGradleVersions.java:184) [org.eclipse.buildship.core_3.1.3.v20191118-1057.jar:na]
	at org.eclipse.buildship.core.internal.util.gradle.PublishedGradleVersions.tryToDownloadAndCacheVersions(PublishedGradleVersions.java:150) [org.eclipse.buildship.core_3.1.3.v20191118-1057.jar:na]
	at org.eclipse.buildship.core.internal.util.gradle.PublishedGradleVersions.tryToUpdateOutdatedVersionsFile(PublishedGradleVersions.java:133) [org.eclipse.buildship.core_3.1.3.v20191118-1057.jar:na]
	at org.eclipse.buildship.core.internal.util.gradle.PublishedGradleVersions.create(PublishedGradleVersions.java:117) [org.eclipse.buildship.core_3.1.3.v20191118-1057.jar:na]
	at org.eclipse.buildship.core.internal.util.gradle.PublishedGradleVersionsWrapper$LoadVersionsJob.run(PublishedGradleVersionsWrapper.java:60) [org.eclipse.buildship.core_3.1.3.v20191118-1057.jar:na]
	at org.eclipse.core.internal.jobs.Worker.run(Worker.java:63) [org.eclipse.core.jobs_3.10.600.v20191122-2104.jar:na]
